This file contains any messages produced by compilers while
running configure, to aid debugging if configure makes a mistake.

It was created by hello configure 1.0, which was
generated by GNU Autoconf 2.63.  Invocation command line was

  $ ./configure --no-create --no-recursion

## --------- ##
## Platform. ##
## --------- ##

hostname = web11.uplooking.com
uname -m = x86_64
uname -r = 2.6.32-504.el6.x86_64
uname -s = Linux
uname -v = #1 SMP Wed Oct 15 04:27:16 UTC 2014

/usr/bin/uname -p = unknown
/bin/uname -X     = unknown

/bin/arch              = x86_64
/usr/bin/arch -k       = unknown
/usr/convex/getsysinfo = unknown
/usr/bin/hostinfo      = unknown
/bin/machine           = unknown
/usr/bin/oslevel       = unknown
/bin/universe          = unknown

PATH: /usr/local/erlang/bin
PATH: /usr/lib64/qt-3.3/bin
PATH: /usr/kerberos/sbin
PATH: /usr/kerberos/bin
PATH: /usr/local/sbin
PATH: /usr/local/bin
PATH: /sbin
PATH: /bin
PATH: /usr/sbin
PATH: /usr/bin
PATH: /usr/local/erlang/bin
PATH: /root/software/rabbitmq_server-3.6.3/sbin
PATH: /usr/local/memcached/bin


## ----------- ##
## Core tests. ##
## ----------- ##

configure:1871: checking for a BSD-compatible install
configure:1939: result: /usr/bin/install -c
configure:1950: checking whether build environment is sane
configure:2010: result: yes
configure:2151: checking for a thread-safe mkdir -p
configure:2190: result: /bin/mkdir -p
configure:2203: checking for gawk
configure:2219: found /bin/gawk
configure:2230: result: gawk
configure:2241: checking whether make sets $(MAKE)
configure:2263: result: yes
configure:2390: checking for ranlib
configure:2406: found /usr/bin/ranlib
configure:2417: result: ranlib
configure:2492: checking for gcc
configure:2508: found /usr/bin/gcc
configure:2519: result: gcc
configure:2751: checking for C compiler version
configure:2759: gcc --version >&5
gcc (GCC) 4.4.7 20120313 (Red Hat 4.4.7-11)
Copyright (C) 2010 Free Software Foundation, Inc.
This is free software; see the source for copying conditions.  There is NO
warranty; not even for MERCHANTABILITY or FITNESS FOR A PARTICULAR PURPOSE.

configure:2763: $? = 0
configure:2770: gcc -v >&5
Using built-in specs.
Target: x86_64-redhat-linux
Configured with: ../configure --prefix=/usr --mandir=/usr/share/man --infodir=/usr/share/info --with-bugurl=http://bugzilla.redhat.com/bugzilla --enable-bootstrap --enable-shared --enable-threads=posix --enable-checking=release --with-system-zlib --enable-__cxa_atexit --disable-libunwind-exceptions --enable-gnu-unique-object --enable-languages=c,c++,objc,obj-c++,java,fortran,ada --enable-java-awt=gtk --disable-dssi --with-java-home=/usr/lib/jvm/java-1.5.0-gcj-1.5.0.0/jre --enable-libgcj-multifile --enable-java-maintainer-mode --with-ecj-jar=/usr/share/java/eclipse-ecj.jar --disable-libjava-multilib --with-ppl --with-cloog --with-tune=generic --with-arch_32=i686 --build=x86_64-redhat-linux
Thread model: posix
gcc version 4.4.7 20120313 (Red Hat 4.4.7-11) (GCC) 
configure:2774: $? = 0
configure:2781: gcc -V >&5
gcc: '-V' option must have argument
configure:2785: $? = 1
configure:2808: checking for C compiler default output file name
configure:2830: gcc    conftest.c  >&5
configure:2834: $? = 0
configure:2872: result: a.out
configure:2891: checking whether the C compiler works
configure:2901: ./a.out
configure:2905: $? = 0
configure:2924: result: yes
configure:2931: checking whether we are cross compiling
configure:2933: result: no
configure:2936: checking for suffix of executables
configure:2943: gcc -o conftest    conftest.c  >&5
configure:2947: $? = 0
configure:2973: result: 
configure:2979: checking for suffix of object files
configure:3005: gcc -c   conftest.c >&5
configure:3009: $? = 0
configure:3034: result: o
configure:3038: checking whether we are using the GNU C compiler
configure:3067: gcc -c   conftest.c >&5
configure:3074: $? = 0
configure:3091: result: yes
configure:3100: checking whether gcc accepts -g
configure:3130: gcc -c -g  conftest.c >&5
configure:3137: $? = 0
configure:3238: result: yes
configure:3255: checking for gcc option to accept ISO C89
configure:3329: gcc  -c -g -O2  conftest.c >&5
configure:3336: $? = 0
configure:3359: result: none needed
configure:3388: checking for style of include used by make
configure:3416: result: GNU
configure:3441: checking dependency style of gcc
configure:3551: result: gcc3
configure:3576: checking how to run the C preprocessor
configure:3616: gcc -E  conftest.c
configure:3623: $? = 0
configure:3654: gcc -E  conftest.c
conftest.c:10:28: error: ac_nonexistent.h: No such file or directory
configure:3661: $? = 1
configure: failed program was:
| /* confdefs.h.  */
| #define PACKAGE_NAME "hello"
| #define PACKAGE_TARNAME "hello"
| #define PACKAGE_VERSION "1.0"
| #define PACKAGE_STRING "hello 1.0"
| #define PACKAGE_BUGREPORT "abc@126.com"
| #define PACKAGE "hello"
| #define VERSION "1.0"
| /* end confdefs.h.  */
| #include <ac_nonexistent.h>
configure:3694: result: gcc -E
configure:3723: gcc -E  conftest.c
configure:3730: $? = 0
configure:3761: gcc -E  conftest.c
conftest.c:10:28: error: ac_nonexistent.h: No such file or directory
configure:3768: $? = 1
configure: failed program was:
| /* confdefs.h.  */
| #define PACKAGE_NAME "hello"
| #define PACKAGE_TARNAME "hello"
| #define PACKAGE_VERSION "1.0"
| #define PACKAGE_STRING "hello 1.0"
| #define PACKAGE_BUGREPORT "abc@126.com"
| #define PACKAGE "hello"
| #define VERSION "1.0"
| /* end confdefs.h.  */
| #include <ac_nonexistent.h>
configure:3808: checking for grep that handles long lines and -e
configure:3868: result: /bin/grep
configure:3873: checking for egrep
configure:3937: result: /bin/grep -E
configure:3942: checking for ANSI C header files
configure:3972: gcc -c -g -O2  conftest.c >&5
configure:3979: $? = 0
configure:4078: gcc -o conftest -g -O2   conftest.c  >&5
configure:4082: $? = 0
configure:4088: ./conftest
configure:4092: $? = 0
configure:4110: result: yes
configure:4134: checking for sys/types.h
configure:4155: gcc -c -g -O2  conftest.c >&5
configure:4162: $? = 0
configure:4179: result: yes
configure:4134: checking for sys/stat.h
configure:4155: gcc -c -g -O2  conftest.c >&5
configure:4162: $? = 0
configure:4179: result: yes
configure:4134: checking for stdlib.h
configure:4155: gcc -c -g -O2  conftest.c >&5
configure:4162: $? = 0
configure:4179: result: yes
configure:4134: checking for string.h
configure:4155: gcc -c -g -O2  conftest.c >&5
configure:4162: $? = 0
configure:4179: result: yes
configure:4134: checking for memory.h
configure:4155: gcc -c -g -O2  conftest.c >&5
configure:4162: $? = 0
configure:4179: result: yes
configure:4134: checking for strings.h
configure:4155: gcc -c -g -O2  conftest.c >&5
configure:4162: $? = 0
configure:4179: result: yes
configure:4134: checking for inttypes.h
configure:4155: gcc -c -g -O2  conftest.c >&5
configure:4162: $? = 0
configure:4179: result: yes
configure:4134: checking for stdint.h
configure:4155: gcc -c -g -O2  conftest.c >&5
configure:4162: $? = 0
configure:4179: result: yes
configure:4134: checking for unistd.h
configure:4155: gcc -c -g -O2  conftest.c >&5
configure:4162: $? = 0
configure:4179: result: yes
configure:4199: checking for stdlib.h
configure:4206: result: yes
configure:4199: checking for unistd.h
configure:4206: result: yes
configure:4476: creating ./config.status

## ---------------- ##
## Cache variables. ##
## ---------------- ##

ac_cv_c_compiler_gnu=yes
ac_cv_env_CC_set=
ac_cv_env_CC_value=
ac_cv_env_CFLAGS_set=
ac_cv_env_CFLAGS_value=
ac_cv_env_CPPFLAGS_set=
ac_cv_env_CPPFLAGS_value=
ac_cv_env_CPP_set=
ac_cv_env_CPP_value=
ac_cv_env_LDFLAGS_set=
ac_cv_env_LDFLAGS_value=
ac_cv_env_LIBS_set=
ac_cv_env_LIBS_value=
ac_cv_env_build_alias_set=
ac_cv_env_build_alias_value=
ac_cv_env_host_alias_set=
ac_cv_env_host_alias_value=
ac_cv_env_target_alias_set=
ac_cv_env_target_alias_value=
ac_cv_header_inttypes_h=yes
ac_cv_header_memory_h=yes
ac_cv_header_stdc=yes
ac_cv_header_stdint_h=yes
ac_cv_header_stdlib_h=yes
ac_cv_header_string_h=yes
ac_cv_header_strings_h=yes
ac_cv_header_sys_stat_h=yes
ac_cv_header_sys_types_h=yes
ac_cv_header_unistd_h=yes
ac_cv_objext=o
ac_cv_path_EGREP='/bin/grep -E'
ac_cv_path_GREP=/bin/grep
ac_cv_path_install='/usr/bin/install -c'
ac_cv_path_mkdir=/bin/mkdir
ac_cv_prog_AWK=gawk
ac_cv_prog_CPP='gcc -E'
ac_cv_prog_ac_ct_CC=gcc
ac_cv_prog_ac_ct_RANLIB=ranlib
ac_cv_prog_cc_c89=
ac_cv_prog_cc_g=yes
ac_cv_prog_make_make_set=yes
am_cv_CC_dependencies_compiler_type=gcc3

## ----------------- ##
## Output variables. ##
## ----------------- ##

ACLOCAL='${SHELL} /root/www/shangguan/3.ybx/1.c/75.autotools/2.example/missing --run aclocal-1.11'
AMDEPBACKSLASH='\'
AMDEP_FALSE='#'
AMDEP_TRUE=''
AMTAR='${SHELL} /root/www/shangguan/3.ybx/1.c/75.autotools/2.example/missing --run tar'
AUTOCONF='${SHELL} /root/www/shangguan/3.ybx/1.c/75.autotools/2.example/missing --run autoconf'
AUTOHEADER='${SHELL} /root/www/shangguan/3.ybx/1.c/75.autotools/2.example/missing --run autoheader'
AUTOMAKE='${SHELL} /root/www/shangguan/3.ybx/1.c/75.autotools/2.example/missing --run automake-1.11'
AWK='gawk'
CC='gcc'
CCDEPMODE='depmode=gcc3'
CFLAGS='-g -O2'
CPP='gcc -E'
CPPFLAGS=''
CYGPATH_W='echo'
DEFS='-DHAVE_CONFIG_H'
DEPDIR='.deps'
ECHO_C=''
ECHO_N='-n'
ECHO_T=''
EGREP='/bin/grep -E'
EXEEXT=''
GREP='/bin/grep'
INSTALL_DATA='${INSTALL} -m 644'
INSTALL_PROGRAM='${INSTALL}'
INSTALL_SCRIPT='${INSTALL}'
INSTALL_STRIP_PROGRAM='$(install_sh) -c -s'
LDFLAGS=''
LIBOBJS=''
LIBS=''
LTLIBOBJS=''
MAKEINFO='${SHELL} /root/www/shangguan/3.ybx/1.c/75.autotools/2.example/missing --run makeinfo'
MKDIR_P='/bin/mkdir -p'
OBJEXT='o'
PACKAGE='hello'
PACKAGE_BUGREPORT='abc@126.com'
PACKAGE_NAME='hello'
PACKAGE_STRING='hello 1.0'
PACKAGE_TARNAME='hello'
PACKAGE_VERSION='1.0'
PATH_SEPARATOR=':'
RANLIB='ranlib'
SET_MAKE=''
SHELL='/bin/sh'
STRIP=''
VERSION='1.0'
ac_ct_CC='gcc'
am__EXEEXT_FALSE=''
am__EXEEXT_TRUE='#'
am__fastdepCC_FALSE='#'
am__fastdepCC_TRUE=''
am__include='include'
am__isrc=''
am__leading_dot='.'
am__quote=''
am__tar='${AMTAR} chof - "$$tardir"'
am__untar='${AMTAR} xf -'
bindir='${exec_prefix}/bin'
build_alias=''
datadir='${datarootdir}'
datarootdir='${prefix}/share'
docdir='${datarootdir}/doc/${PACKAGE_TARNAME}'
dvidir='${docdir}'
exec_prefix='${prefix}'
host_alias=''
htmldir='${docdir}'
includedir='${prefix}/include'
infodir='${datarootdir}/info'
install_sh='${SHELL} /root/www/shangguan/3.ybx/1.c/75.autotools/2.example/install-sh'
libdir='${exec_prefix}/lib'
libexecdir='${exec_prefix}/libexec'
localedir='${datarootdir}/locale'
localstatedir='${prefix}/var'
mandir='${datarootdir}/man'
mkdir_p='/bin/mkdir -p'
oldincludedir='/usr/include'
pdfdir='${docdir}'
prefix='/usr/local'
program_transform_name='s,x,x,'
psdir='${docdir}'
sbindir='${exec_prefix}/sbin'
sharedstatedir='${prefix}/com'
sysconfdir='${prefix}/etc'
target_alias=''

## ----------- ##
## confdefs.h. ##
## ----------- ##

#define PACKAGE_NAME "hello"
#define PACKAGE_TARNAME "hello"
#define PACKAGE_VERSION "1.0"
#define PACKAGE_STRING "hello 1.0"
#define PACKAGE_BUGREPORT "abc@126.com"
#define PACKAGE "hello"
#define VERSION "1.0"
#define STDC_HEADERS 1
#define HAVE_SYS_TYPES_H 1
#define HAVE_SYS_STAT_H 1
#define HAVE_STDLIB_H 1
#define HAVE_STRING_H 1
#define HAVE_MEMORY_H 1
#define HAVE_STRINGS_H 1
#define HAVE_INTTYPES_H 1
#define HAVE_STDINT_H 1
#define HAVE_UNISTD_H 1
#define HAVE_STDLIB_H 1
#define HAVE_UNISTD_H 1

configure: exit 0

## ---------------------- ##
## Running config.status. ##
## ---------------------- ##

This file was extended by hello config.status 1.0, which was
generated by GNU Autoconf 2.63.  Invocation command line was

  CONFIG_FILES    = 
  CONFIG_HEADERS  = 
  CONFIG_LINKS    = 
  CONFIG_COMMANDS = 
  $ ./config.status 

on web11.uplooking.com

config.status:775: creating Makefile
config.status:775: creating src/Makefile
config.status:775: creating config.h
config.status:997: config.h is unchanged
config.status:1049: executing depfiles commands
