This file contains any messages produced by compilers while
running configure, to aid debugging if configure makes a mistake.

It was created by hello configure 1.0, which was
generated by GNU Autoconf 2.63.  Invocation command line was

  $ ./configure 

## --------- ##
## Platform. ##
## --------- ##

hostname = web11.uplooking.com
uname -m = x86_64
uname -r = 2.6.32-504.el6.x86_64
uname -s = Linux
uname -v = #1 SMP Wed Oct 15 04:27:16 UTC 2014

/usr/bin/uname -p = unknown
/bin/uname -X     = unknown

/bin/arch              = x86_64
/usr/bin/arch -k       = unknown
/usr/convex/getsysinfo = unknown
/usr/bin/hostinfo      = unknown
/bin/machine           = unknown
/usr/bin/oslevel       = unknown
/bin/universe          = unknown

PATH: /usr/local/erlang/bin
PATH: /usr/lib64/qt-3.3/bin
PATH: /usr/kerberos/sbin
PATH: /usr/kerberos/bin
PATH: /usr/local/sbin
PATH: /usr/local/bin
PATH: /sbin
PATH: /bin
PATH: /usr/sbin
PATH: /usr/bin
PATH: /usr/local/erlang/bin
PATH: /root/software/rabbitmq_server-3.6.3/sbin
PATH: /usr/local/memcached/bin


## ----------- ##
## Core tests. ##
## ----------- ##

configure:1841: checking for a BSD-compatible install
configure:1909: result: /usr/bin/install -c
configure:1920: checking whether build environment is sane
configure:1980: result: yes
configure:2121: checking for a thread-safe mkdir -p
configure:2160: result: /bin/mkdir -p
configure:2173: checking for gawk
configure:2189: found /bin/gawk
configure:2200: result: gawk
configure:2211: checking whether make sets $(MAKE)
configure:2233: result: yes
configure:2379: checking for g++
configure:2395: found /usr/bin/g++
configure:2406: result: g++
configure:2433: checking for C++ compiler version
configure:2441: g++ --version >&5
g++ (GCC) 4.4.7 20120313 (Red Hat 4.4.7-11)
Copyright (C) 2010 Free Software Foundation, Inc.
This is free software; see the source for copying conditions.  There is NO
warranty; not even for MERCHANTABILITY or FITNESS FOR A PARTICULAR PURPOSE.

configure:2445: $? = 0
configure:2452: g++ -v >&5
Using built-in specs.
Target: x86_64-redhat-linux
Configured with: ../configure --prefix=/usr --mandir=/usr/share/man --infodir=/usr/share/info --with-bugurl=http://bugzilla.redhat.com/bugzilla --enable-bootstrap --enable-shared --enable-threads=posix --enable-checking=release --with-system-zlib --enable-__cxa_atexit --disable-libunwind-exceptions --enable-gnu-unique-object --enable-languages=c,c++,objc,obj-c++,java,fortran,ada --enable-java-awt=gtk --disable-dssi --with-java-home=/usr/lib/jvm/java-1.5.0-gcj-1.5.0.0/jre --enable-libgcj-multifile --enable-java-maintainer-mode --with-ecj-jar=/usr/share/java/eclipse-ecj.jar --disable-libjava-multilib --with-ppl --with-cloog --with-tune=generic --with-arch_32=i686 --build=x86_64-redhat-linux
Thread model: posix
gcc version 4.4.7 20120313 (Red Hat 4.4.7-11) (GCC) 
configure:2456: $? = 0
configure:2463: g++ -V >&5
g++: '-V' option must have argument
configure:2467: $? = 1
configure:2490: checking for C++ compiler default output file name
configure:2512: g++    conftest.cpp  >&5
configure:2516: $? = 0
configure:2554: result: a.out
configure:2573: checking whether the C++ compiler works
configure:2583: ./a.out
configure:2587: $? = 0
configure:2606: result: yes
configure:2613: checking whether we are cross compiling
configure:2615: result: no
configure:2618: checking for suffix of executables
configure:2625: g++ -o conftest    conftest.cpp  >&5
configure:2629: $? = 0
configure:2655: result: 
configure:2661: checking for suffix of object files
configure:2687: g++ -c   conftest.cpp >&5
configure:2691: $? = 0
configure:2716: result: o
configure:2720: checking whether we are using the GNU C++ compiler
configure:2749: g++ -c   conftest.cpp >&5
configure:2756: $? = 0
configure:2773: result: yes
configure:2782: checking whether g++ accepts -g
configure:2812: g++ -c -g  conftest.cpp >&5
configure:2819: $? = 0
configure:2920: result: yes
configure:2954: checking for style of include used by make
configure:2982: result: GNU
configure:3007: checking dependency style of g++
configure:3117: result: gcc3
configure:3180: checking for gcc
configure:3196: found /usr/bin/gcc
configure:3207: result: gcc
configure:3439: checking for C compiler version
configure:3447: gcc --version >&5
gcc (GCC) 4.4.7 20120313 (Red Hat 4.4.7-11)
Copyright (C) 2010 Free Software Foundation, Inc.
This is free software; see the source for copying conditions.  There is NO
warranty; not even for MERCHANTABILITY or FITNESS FOR A PARTICULAR PURPOSE.

configure:3451: $? = 0
configure:3458: gcc -v >&5
Using built-in specs.
Target: x86_64-redhat-linux
Configured with: ../configure --prefix=/usr --mandir=/usr/share/man --infodir=/usr/share/info --with-bugurl=http://bugzilla.redhat.com/bugzilla --enable-bootstrap --enable-shared --enable-threads=posix --enable-checking=release --with-system-zlib --enable-__cxa_atexit --disable-libunwind-exceptions --enable-gnu-unique-object --enable-languages=c,c++,objc,obj-c++,java,fortran,ada --enable-java-awt=gtk --disable-dssi --with-java-home=/usr/lib/jvm/java-1.5.0-gcj-1.5.0.0/jre --enable-libgcj-multifile --enable-java-maintainer-mode --with-ecj-jar=/usr/share/java/eclipse-ecj.jar --disable-libjava-multilib --with-ppl --with-cloog --with-tune=generic --with-arch_32=i686 --build=x86_64-redhat-linux
Thread model: posix
gcc version 4.4.7 20120313 (Red Hat 4.4.7-11) (GCC) 
configure:3462: $? = 0
configure:3469: gcc -V >&5
gcc: '-V' option must have argument
configure:3473: $? = 1
configure:3476: checking whether we are using the GNU C compiler
configure:3505: gcc -c   conftest.c >&5
configure:3512: $? = 0
configure:3529: result: yes
configure:3538: checking whether gcc accepts -g
configure:3568: gcc -c -g  conftest.c >&5
configure:3575: $? = 0
configure:3676: result: yes
configure:3693: checking for gcc option to accept ISO C89
configure:3767: gcc  -c -g -O2  conftest.c >&5
configure:3774: $? = 0
configure:3797: result: none needed
configure:3817: checking dependency style of gcc
configure:3927: result: gcc3
configure:4082: creating ./config.status

## ---------------------- ##
## Running config.status. ##
## ---------------------- ##

This file was extended by hello config.status 1.0, which was
generated by GNU Autoconf 2.63.  Invocation command line was

  CONFIG_FILES    = 
  CONFIG_HEADERS  = 
  CONFIG_LINKS    = 
  CONFIG_COMMANDS = 
  $ ./config.status 

on web11.uplooking.com

config.status:610: creating config.h
config.status:744: config.h is unchanged
config.status:796: executing depfiles commands
configure:5295: creating ./config.status

## ---------------------- ##
## Running config.status. ##
## ---------------------- ##

This file was extended by hello config.status 1.0, which was
generated by GNU Autoconf 2.63.  Invocation command line was

  CONFIG_FILES    = 
  CONFIG_HEADERS  = 
  CONFIG_LINKS    = 
  CONFIG_COMMANDS = 
  $ ./config.status 

on web11.uplooking.com

config.status:764: creating Makefile
config.status:764: creating config.h
config.status:986: config.h is unchanged
config.status:1038: executing depfiles commands

## ---------------- ##
## Cache variables. ##
## ---------------- ##

ac_cv_c_compiler_gnu=yes
ac_cv_cxx_compiler_gnu=yes
ac_cv_env_CCC_set=
ac_cv_env_CCC_value=
ac_cv_env_CC_set=
ac_cv_env_CC_value=
ac_cv_env_CFLAGS_set=
ac_cv_env_CFLAGS_value=
ac_cv_env_CPPFLAGS_set=
ac_cv_env_CPPFLAGS_value=
ac_cv_env_CXXFLAGS_set=
ac_cv_env_CXXFLAGS_value=
ac_cv_env_CXX_set=
ac_cv_env_CXX_value=
ac_cv_env_LDFLAGS_set=
ac_cv_env_LDFLAGS_value=
ac_cv_env_LIBS_set=
ac_cv_env_LIBS_value=
ac_cv_env_build_alias_set=
ac_cv_env_build_alias_value=
ac_cv_env_host_alias_set=
ac_cv_env_host_alias_value=
ac_cv_env_target_alias_set=
ac_cv_env_target_alias_value=
ac_cv_objext=o
ac_cv_path_install='/usr/bin/install -c'
ac_cv_path_mkdir=/bin/mkdir
ac_cv_prog_AWK=gawk
ac_cv_prog_ac_ct_CC=gcc
ac_cv_prog_ac_ct_CXX=g++
ac_cv_prog_cc_c89=
ac_cv_prog_cc_g=yes
ac_cv_prog_cxx_g=yes
ac_cv_prog_make_make_set=yes
am_cv_CC_dependencies_compiler_type=gcc3
am_cv_CXX_dependencies_compiler_type=gcc3

## ----------------- ##
## Output variables. ##
## ----------------- ##

ACLOCAL='${SHELL} /root/www/shangguan/3.ybx/1.c/75.autotools/1.hello/missing --run aclocal-1.11'
AMDEPBACKSLASH='\'
AMDEP_FALSE='#'
AMDEP_TRUE=''
AMTAR='${SHELL} /root/www/shangguan/3.ybx/1.c/75.autotools/1.hello/missing --run tar'
AUTOCONF='${SHELL} /root/www/shangguan/3.ybx/1.c/75.autotools/1.hello/missing --run autoconf'
AUTOHEADER='${SHELL} /root/www/shangguan/3.ybx/1.c/75.autotools/1.hello/missing --run autoheader'
AUTOMAKE='${SHELL} /root/www/shangguan/3.ybx/1.c/75.autotools/1.hello/missing --run automake-1.11'
AWK='gawk'
CC='gcc'
CCDEPMODE='depmode=gcc3'
CFLAGS='-g -O2'
CPPFLAGS=''
CXX='g++'
CXXDEPMODE='depmode=gcc3'
CXXFLAGS='-g -O2'
CYGPATH_W='echo'
DEFS='-DHAVE_CONFIG_H'
DEPDIR='.deps'
ECHO_C=''
ECHO_N='-n'
ECHO_T=''
EXEEXT=''
INSTALL_DATA='${INSTALL} -m 644'
INSTALL_PROGRAM='${INSTALL}'
INSTALL_SCRIPT='${INSTALL}'
INSTALL_STRIP_PROGRAM='$(install_sh) -c -s'
LDFLAGS=''
LIBOBJS=''
LIBS=''
LTLIBOBJS=''
MAKEINFO='${SHELL} /root/www/shangguan/3.ybx/1.c/75.autotools/1.hello/missing --run makeinfo'
MKDIR_P='/bin/mkdir -p'
OBJEXT='o'
PACKAGE='hello'
PACKAGE_BUGREPORT='admin@163.com'
PACKAGE_NAME='hello'
PACKAGE_STRING='hello 1.0'
PACKAGE_TARNAME='hello'
PACKAGE_VERSION='1.0'
PATH_SEPARATOR=':'
SET_MAKE=''
SHELL='/bin/sh'
STRIP=''
VERSION='1.0'
ac_ct_CC='gcc'
ac_ct_CXX='g++'
am__EXEEXT_FALSE=''
am__EXEEXT_TRUE='#'
am__fastdepCC_FALSE='#'
am__fastdepCC_TRUE=''
am__fastdepCXX_FALSE='#'
am__fastdepCXX_TRUE=''
am__include='include'
am__isrc=''
am__leading_dot='.'
am__quote=''
am__tar='${AMTAR} chof - "$$tardir"'
am__untar='${AMTAR} xf -'
bindir='${exec_prefix}/bin'
build_alias=''
datadir='${datarootdir}'
datarootdir='${prefix}/share'
docdir='${datarootdir}/doc/${PACKAGE_TARNAME}'
dvidir='${docdir}'
exec_prefix='${prefix}'
host_alias=''
htmldir='${docdir}'
includedir='${prefix}/include'
infodir='${datarootdir}/info'
install_sh='${SHELL} /root/www/shangguan/3.ybx/1.c/75.autotools/1.hello/install-sh'
libdir='${exec_prefix}/lib'
libexecdir='${exec_prefix}/libexec'
localedir='${datarootdir}/locale'
localstatedir='${prefix}/var'
mandir='${datarootdir}/man'
mkdir_p='/bin/mkdir -p'
oldincludedir='/usr/include'
pdfdir='${docdir}'
prefix='/usr/local'
program_transform_name='s,x,x,'
psdir='${docdir}'
sbindir='${exec_prefix}/sbin'
sharedstatedir='${prefix}/com'
sysconfdir='${prefix}/etc'
target_alias=''

## ----------- ##
## confdefs.h. ##
## ----------- ##

#define PACKAGE_NAME "hello"
#define PACKAGE_TARNAME "hello"
#define PACKAGE_VERSION "1.0"
#define PACKAGE_STRING "hello 1.0"
#define PACKAGE_BUGREPORT "admin@163.com"
#define PACKAGE "hello"
#define VERSION "1.0"

configure: exit 0
